# JRE version: OpenJDK Runtime Environment (11.0.10+9) (build 11.0.10+9-Ubuntu-0ubuntu1.20.04)
# Java VM: OpenJDK 64-Bit Server VM (11.0.10+9-Ubuntu-0ubuntu1.20.04, mixed mode, sharing, tiered, compressed oops, g1 gc, linux-amd64)
Heap:
 garbage-first heap   total 1273856K, used 564763K [0x0000000413000000, 0x0000000800000000)
  region size 4096K, 139 young (569344K), 1 survivors (4096K)
 Metaspace       used 4014K, capacity 5989K, committed 6272K, reserved 1056768K
  class space    used 380K, capacity 576K, committed 640K, reserved 1048576K
GC Heap History (12 events):
Event: 0.378 GC heap before
{Heap before GC invocations=0 (full 0):
 garbage-first heap   total 1040384K, used 49864K [0x0000000413000000, 0x0000000800000000)
  region size 4096K, 12 young (49152K), 0 survivors (0K)
 Metaspace       used 3954K, capacity 5989K, committed 6272K, reserved 1056768K
  class space    used 376K, capacity 576K, committed 640K, reserved 1048576K
}
Event: 0.390 GC heap after
{Heap after GC invocations=1 (full 0):
 garbage-first heap   total 1040384K, used 3531K [0x0000000413000000, 0x0000000800000000)
  region size 4096K, 1 young (4096K), 1 survivors (4096K)
 Metaspace       used 3954K, capacity 5989K, committed 6272K, reserved 1056768K
  class space    used 376K, capacity 576K, committed 640K, reserved 1048576K
}
Event: 0.724 GC heap before
{Heap before GC invocations=1 (full 0):
 garbage-first heap   total 1040384K, used 617931K [0x0000000413000000, 0x0000000800000000)
  region size 4096K, 151 young (618496K), 1 survivors (4096K)
 Metaspace       used 3966K, capacity 5989K, committed 6272K, reserved 1056768K
  class space    used 376K, capacity 576K, committed 640K, reserved 1048576K
}
Event: 0.729 GC heap after
{Heap after GC invocations=2 (full 0):
 garbage-first heap   total 1040384K, used 3592K [0x0000000413000000, 0x0000000800000000)
  region size 4096K, 1 young (4096K), 1 survivors (4096K)
 Metaspace       used 3966K, capacity 5989K, committed 6272K, reserved 1056768K
  class space    used 376K, capacity 576K, committed 640K, reserved 1048576K
}
Event: 1.009 GC heap before
{Heap before GC invocations=2 (full 0):
 garbage-first heap   total 1040384K, used 617992K [0x0000000413000000, 0x0000000800000000)
  region size 4096K, 151 young (618496K), 1 survivors (4096K)
 Metaspace       used 3966K, capacity 5989K, committed 6272K, reserved 1056768K
  class space    used 376K, capacity 576K, committed 640K, reserved 1048576K
}
Event: 1.014 GC heap after
{Heap after GC invocations=3 (full 0):
 garbage-first heap   total 1040384K, used 3605K [0x0000000413000000, 0x0000000800000000)
  region size 4096K, 1 young (4096K), 1 survivors (4096K)
 Metaspace       used 3966K, capacity 5989K, committed 6272K, reserved 1056768K
  class space    used 376K, capacity 576K, committed 640K, reserved 1048576K
}
Event: 1.265 GC heap before
{Heap before GC invocations=3 (full 0):
 garbage-first heap   total 1040384K, used 618005K [0x0000000413000000, 0x0000000800000000)
  region size 4096K, 151 young (618496K), 1 survivors (4096K)
 Metaspace       used 3966K, capacity 5989K, committed 6272K, reserved 1056768K
  class space    used 376K, capacity 576K, committed 640K, reserved 1048576K
}
Event: 1.269 GC heap after
{Heap after GC invocations=4 (full 0):
 garbage-first heap   total 1040384K, used 3645K [0x0000000413000000, 0x0000000800000000)
  region size 4096K, 1 young (4096K), 1 survivors (4096K)
 Metaspace       used 3966K, capacity 5989K, committed 6272K, reserved 1056768K
  class space    used 376K, capacity 576K, committed 640K, reserved 1048576K
}
Event: 1.528 GC heap before
{Heap before GC invocations=4 (full 0):
 garbage-first heap   total 1040384K, used 618045K [0x0000000413000000, 0x0000000800000000)
  region size 4096K, 151 young (618496K), 1 survivors (4096K)
 Metaspace       used 3966K, capacity 5989K, committed 6272K, reserved 1056768K
  class space    used 376K, capacity 576K, committed 640K, reserved 1048576K
}
Event: 1.535 GC heap after
{Heap after GC invocations=5 (full 0):
 garbage-first heap   total 1273856K, used 3651K [0x0000000413000000, 0x0000000800000000)
  region size 4096K, 1 young (4096K), 1 survivors (4096K)
 Metaspace       used 3966K, capacity 5989K, committed 6272K, reserved 1056768K
  class space    used 376K, capacity 576K, committed 640K, reserved 1048576K
}
Event: 1.806 GC heap before
{Heap before GC invocations=5 (full 0):
 garbage-first heap   total 1273856K, used 683587K [0x0000000413000000, 0x0000000800000000)
  region size 4096K, 167 young (684032K), 1 survivors (4096K)
 Metaspace       used 3966K, capacity 5989K, committed 6272K, reserved 1056768K
  class space    used 376K, capacity 576K, committed 640K, reserved 1048576K
}
Event: 1.818 GC heap after
{Heap after GC invocations=6 (full 0):
 garbage-first heap   total 1273856K, used 3611K [0x0000000413000000, 0x0000000800000000)
  region size 4096K, 1 young (4096K), 1 survivors (4096K)
 Metaspace       used 3966K, capacity 5989K, committed 6272K, reserved 1056768K
  class space    used 376K, capacity 576K, committed 640K, reserved 1048576K
}

