# JRE version: OpenJDK Runtime Environment (11.0.10+9) (build 11.0.10+9-Ubuntu-0ubuntu1.20.04)
# Java VM: OpenJDK 64-Bit Server VM (11.0.10+9-Ubuntu-0ubuntu1.20.04, mixed mode, sharing, tiered, compressed oops, g1 gc, linux-amd64)
Heap:
 garbage-first heap   total 1802240K, used 454429K [0x0000000413000000, 0x0000000800000000)
  region size 4096K, 112 young (458752K), 1 survivors (4096K)
 Metaspace       used 4042K, capacity 5989K, committed 6272K, reserved 1056768K
  class space    used 375K, capacity 576K, committed 640K, reserved 1048576K
GC Heap History (20 events):
Event: 22.703 GC heap before
{Heap before GC invocations=50 (full 0):
 garbage-first heap   total 1802240K, used 1081098K [0x0000000413000000, 0x0000000800000000)
  region size 4096K, 264 young (1081344K), 1 survivors (4096K)
 Metaspace       used 4042K, capacity 5989K, committed 6272K, reserved 1056768K
  class space    used 375K, capacity 576K, committed 640K, reserved 1048576K
}
Event: 22.705 GC heap after
{Heap after GC invocations=51 (full 0):
 garbage-first heap   total 1802240K, used 3856K [0x0000000413000000, 0x0000000800000000)
  region size 4096K, 1 young (4096K), 1 survivors (4096K)
 Metaspace       used 4042K, capacity 5989K, committed 6272K, reserved 1056768K
  class space    used 375K, capacity 576K, committed 640K, reserved 1048576K
}
Event: 23.114 GC heap before
{Heap before GC invocations=51 (full 0):
 garbage-first heap   total 1802240K, used 1081104K [0x0000000413000000, 0x0000000800000000)
  region size 4096K, 264 young (1081344K), 1 survivors (4096K)
 Metaspace       used 4042K, capacity 5989K, committed 6272K, reserved 1056768K
  class space    used 375K, capacity 576K, committed 640K, reserved 1048576K
}
Event: 23.116 GC heap after
{Heap after GC invocations=52 (full 0):
 garbage-first heap   total 1802240K, used 3844K [0x0000000413000000, 0x0000000800000000)
  region size 4096K, 1 young (4096K), 1 survivors (4096K)
 Metaspace       used 4042K, capacity 5989K, committed 6272K, reserved 1056768K
  class space    used 375K, capacity 576K, committed 640K, reserved 1048576K
}
Event: 23.972 GC heap before
{Heap before GC invocations=52 (full 0):
 garbage-first heap   total 1802240K, used 1081092K [0x0000000413000000, 0x0000000800000000)
  region size 4096K, 264 young (1081344K), 1 survivors (4096K)
 Metaspace       used 4042K, capacity 5989K, committed 6272K, reserved 1056768K
  class space    used 375K, capacity 576K, committed 640K, reserved 1048576K
}
Event: 23.973 GC heap after
{Heap after GC invocations=53 (full 0):
 garbage-first heap   total 1802240K, used 3856K [0x0000000413000000, 0x0000000800000000)
  region size 4096K, 1 young (4096K), 1 survivors (4096K)
 Metaspace       used 4042K, capacity 5989K, committed 6272K, reserved 1056768K
  class space    used 375K, capacity 576K, committed 640K, reserved 1048576K
}
Event: 24.386 GC heap before
{Heap before GC invocations=53 (full 0):
 garbage-first heap   total 1802240K, used 1081104K [0x0000000413000000, 0x0000000800000000)
  region size 4096K, 264 young (1081344K), 1 survivors (4096K)
 Metaspace       used 4042K, capacity 5989K, committed 6272K, reserved 1056768K
  class space    used 375K, capacity 576K, committed 640K, reserved 1048576K
}
Event: 24.387 GC heap after
{Heap after GC invocations=54 (full 0):
 garbage-first heap   total 1802240K, used 3848K [0x0000000413000000, 0x0000000800000000)
  region size 4096K, 1 young (4096K), 1 survivors (4096K)
 Metaspace       used 4042K, capacity 5989K, committed 6272K, reserved 1056768K
  class space    used 375K, capacity 576K, committed 640K, reserved 1048576K
}
Event: 24.804 GC heap before
{Heap before GC invocations=54 (full 0):
 garbage-first heap   total 1802240K, used 1081096K [0x0000000413000000, 0x0000000800000000)
  region size 4096K, 264 young (1081344K), 1 survivors (4096K)
 Metaspace       used 4042K, capacity 5989K, committed 6272K, reserved 1056768K
  class space    used 375K, capacity 576K, committed 640K, reserved 1048576K
}
Event: 24.806 GC heap after
{Heap after GC invocations=55 (full 0):
 garbage-first heap   total 1802240K, used 3851K [0x0000000413000000, 0x0000000800000000)
  region size 4096K, 1 young (4096K), 1 survivors (4096K)
 Metaspace       used 4042K, capacity 5989K, committed 6272K, reserved 1056768K
  class space    used 375K, capacity 576K, committed 640K, reserved 1048576K
}
Event: 25.344 GC heap before
{Heap before GC invocations=55 (full 0):
 garbage-first heap   total 1802240K, used 1081099K [0x0000000413000000, 0x0000000800000000)
  region size 4096K, 264 young (1081344K), 1 survivors (4096K)
 Metaspace       used 4042K, capacity 5989K, committed 6272K, reserved 1056768K
  class space    used 375K, capacity 576K, committed 640K, reserved 1048576K
}
Event: 25.345 GC heap after
{Heap after GC invocations=56 (full 0):
 garbage-first heap   total 1802240K, used 3850K [0x0000000413000000, 0x0000000800000000)
  region size 4096K, 1 young (4096K), 1 survivors (4096K)
 Metaspace       used 4042K, capacity 5989K, committed 6272K, reserved 1056768K
  class space    used 375K, capacity 576K, committed 640K, reserved 1048576K
}
Event: 25.760 GC heap before
{Heap before GC invocations=56 (full 0):
 garbage-first heap   total 1802240K, used 1081098K [0x0000000413000000, 0x0000000800000000)
  region size 4096K, 264 young (1081344K), 1 survivors (4096K)
 Metaspace       used 4042K, capacity 5989K, committed 6272K, reserved 1056768K
  class space    used 375K, capacity 576K, committed 640K, reserved 1048576K
}
Event: 25.761 GC heap after
{Heap after GC invocations=57 (full 0):
 garbage-first heap   total 1802240K, used 3854K [0x0000000413000000, 0x0000000800000000)
  region size 4096K, 1 young (4096K), 1 survivors (4096K)
 Metaspace       used 4042K, capacity 5989K, committed 6272K, reserved 1056768K
  class space    used 375K, capacity 576K, committed 640K, reserved 1048576K
}
Event: 26.871 GC heap before
{Heap before GC invocations=57 (full 0):
 garbage-first heap   total 1802240K, used 1081102K [0x0000000413000000, 0x0000000800000000)
  region size 4096K, 264 young (1081344K), 1 survivors (4096K)
 Metaspace       used 4042K, capacity 5989K, committed 6272K, reserved 1056768K
  class space    used 375K, capacity 576K, committed 640K, reserved 1048576K
}
Event: 26.878 GC heap after
{Heap after GC invocations=58 (full 0):
 garbage-first heap   total 1802240K, used 3869K [0x0000000413000000, 0x0000000800000000)
  region size 4096K, 1 young (4096K), 1 survivors (4096K)
 Metaspace       used 4042K, capacity 5989K, committed 6272K, reserved 1056768K
  class space    used 375K, capacity 576K, committed 640K, reserved 1048576K
}
Event: 27.361 GC heap before
{Heap before GC invocations=58 (full 0):
 garbage-first heap   total 1802240K, used 1081117K [0x0000000413000000, 0x0000000800000000)
  region size 4096K, 264 young (1081344K), 1 survivors (4096K)
 Metaspace       used 4042K, capacity 5989K, committed 6272K, reserved 1056768K
  class space    used 375K, capacity 576K, committed 640K, reserved 1048576K
}
Event: 27.365 GC heap after
{Heap after GC invocations=59 (full 0):
 garbage-first heap   total 1802240K, used 3868K [0x0000000413000000, 0x0000000800000000)
  region size 4096K, 1 young (4096K), 1 survivors (4096K)
 Metaspace       used 4042K, capacity 5989K, committed 6272K, reserved 1056768K
  class space    used 375K, capacity 576K, committed 640K, reserved 1048576K
}
Event: 27.827 GC heap before
{Heap before GC invocations=59 (full 0):
 garbage-first heap   total 1802240K, used 1077020K [0x0000000413000000, 0x0000000800000000)
  region size 4096K, 264 young (1081344K), 1 survivors (4096K)
 Metaspace       used 4042K, capacity 5989K, committed 6272K, reserved 1056768K
  class space    used 375K, capacity 576K, committed 640K, reserved 1048576K
}
Event: 27.833 GC heap after
{Heap after GC invocations=60 (full 0):
 garbage-first heap   total 1802240K, used 3869K [0x0000000413000000, 0x0000000800000000)
  region size 4096K, 1 young (4096K), 1 survivors (4096K)
 Metaspace       used 4042K, capacity 5989K, committed 6272K, reserved 1056768K
  class space    used 375K, capacity 576K, committed 640K, reserved 1048576K
}

