# JRE version: OpenJDK Runtime Environment (11.0.11+9) (build 11.0.11+9-Ubuntu-0ubuntu2.20.04)
# Java VM: OpenJDK 64-Bit Server VM (11.0.11+9-Ubuntu-0ubuntu2.20.04, mixed mode, sharing, tiered, compressed oops, g1 gc, linux-amd64)
Heap:
 garbage-first heap   total 1589248K, used 577085K [0x0000000413000000, 0x0000000800000000)
  region size 4096K, 142 young (581632K), 1 survivors (4096K)
 Metaspace       used 3986K, capacity 5989K, committed 6272K, reserved 1056768K
  class space    used 374K, capacity 576K, committed 640K, reserved 1048576K
GC Heap History (20 events):
Event: 0.960 GC heap before
{Heap before GC invocations=2 (full 0):
 garbage-first heap   total 1040384K, used 618062K [0x0000000413000000, 0x0000000800000000)
  region size 4096K, 151 young (618496K), 1 survivors (4096K)
 Metaspace       used 3986K, capacity 5989K, committed 6272K, reserved 1056768K
  class space    used 374K, capacity 576K, committed 640K, reserved 1048576K
}
Event: 0.964 GC heap after
{Heap after GC invocations=3 (full 0):
 garbage-first heap   total 1040384K, used 3641K [0x0000000413000000, 0x0000000800000000)
  region size 4096K, 1 young (4096K), 1 survivors (4096K)
 Metaspace       used 3986K, capacity 5989K, committed 6272K, reserved 1056768K
  class space    used 374K, capacity 576K, committed 640K, reserved 1048576K
}
Event: 1.191 GC heap before
{Heap before GC invocations=3 (full 0):
 garbage-first heap   total 1040384K, used 618041K [0x0000000413000000, 0x0000000800000000)
  region size 4096K, 151 young (618496K), 1 survivors (4096K)
 Metaspace       used 3986K, capacity 5989K, committed 6272K, reserved 1056768K
  class space    used 374K, capacity 576K, committed 640K, reserved 1048576K
}
Event: 1.195 GC heap after
{Heap after GC invocations=4 (full 0):
 garbage-first heap   total 1040384K, used 3679K [0x0000000413000000, 0x0000000800000000)
  region size 4096K, 1 young (4096K), 1 survivors (4096K)
 Metaspace       used 3986K, capacity 5989K, committed 6272K, reserved 1056768K
  class space    used 374K, capacity 576K, committed 640K, reserved 1048576K
}
Event: 1.437 GC heap before
{Heap before GC invocations=4 (full 0):
 garbage-first heap   total 1040384K, used 618079K [0x0000000413000000, 0x0000000800000000)
  region size 4096K, 151 young (618496K), 1 survivors (4096K)
 Metaspace       used 3986K, capacity 5989K, committed 6272K, reserved 1056768K
  class space    used 374K, capacity 576K, committed 640K, reserved 1048576K
}
Event: 1.442 GC heap after
{Heap after GC invocations=5 (full 0):
 garbage-first heap   total 1323008K, used 3627K [0x0000000413000000, 0x0000000800000000)
  region size 4096K, 1 young (4096K), 1 survivors (4096K)
 Metaspace       used 3986K, capacity 5989K, committed 6272K, reserved 1056768K
  class space    used 374K, capacity 576K, committed 640K, reserved 1048576K
}
Event: 1.694 GC heap before
{Heap before GC invocations=5 (full 0):
 garbage-first heap   total 1323008K, used 679467K [0x0000000413000000, 0x0000000800000000)
  region size 4096K, 166 young (679936K), 1 survivors (4096K)
 Metaspace       used 3986K, capacity 5989K, committed 6272K, reserved 1056768K
  class space    used 374K, capacity 576K, committed 640K, reserved 1048576K
}
Event: 1.698 GC heap after
{Heap after GC invocations=6 (full 0):
 garbage-first heap   total 1323008K, used 3646K [0x0000000413000000, 0x0000000800000000)
  region size 4096K, 1 young (4096K), 1 survivors (4096K)
 Metaspace       used 3986K, capacity 5989K, committed 6272K, reserved 1056768K
  class space    used 374K, capacity 576K, committed 640K, reserved 1048576K
}
Event: 1.982 GC heap before
{Heap before GC invocations=6 (full 0):
 garbage-first heap   total 1323008K, used 745022K [0x0000000413000000, 0x0000000800000000)
  region size 4096K, 182 young (745472K), 1 survivors (4096K)
 Metaspace       used 3986K, capacity 5989K, committed 6272K, reserved 1056768K
  class space    used 374K, capacity 576K, committed 640K, reserved 1048576K
}
Event: 1.985 GC heap after
{Heap after GC invocations=7 (full 0):
 garbage-first heap   total 1323008K, used 3691K [0x0000000413000000, 0x0000000800000000)
  region size 4096K, 1 young (4096K), 1 survivors (4096K)
 Metaspace       used 3986K, capacity 5989K, committed 6272K, reserved 1056768K
  class space    used 374K, capacity 576K, committed 640K, reserved 1048576K
}
Event: 2.280 GC heap before
{Heap before GC invocations=7 (full 0):
 garbage-first heap   total 1323008K, used 790123K [0x0000000413000000, 0x0000000800000000)
  region size 4096K, 193 young (790528K), 1 survivors (4096K)
 Metaspace       used 3986K, capacity 5989K, committed 6272K, reserved 1056768K
  class space    used 374K, capacity 576K, committed 640K, reserved 1048576K
}
Event: 2.284 GC heap after
{Heap after GC invocations=8 (full 0):
 garbage-first heap   total 1323008K, used 3680K [0x0000000413000000, 0x0000000800000000)
  region size 4096K, 1 young (4096K), 1 survivors (4096K)
 Metaspace       used 3986K, capacity 5989K, committed 6272K, reserved 1056768K
  class space    used 374K, capacity 576K, committed 640K, reserved 1048576K
}
Event: 2.640 GC heap before
{Heap before GC invocations=8 (full 0):
 garbage-first heap   total 1323008K, used 790112K [0x0000000413000000, 0x0000000800000000)
  region size 4096K, 193 young (790528K), 1 survivors (4096K)
 Metaspace       used 3986K, capacity 5989K, committed 6272K, reserved 1056768K
  class space    used 374K, capacity 576K, committed 640K, reserved 1048576K
}
Event: 2.647 GC heap after
{Heap after GC invocations=9 (full 0):
 garbage-first heap   total 1589248K, used 3654K [0x0000000413000000, 0x0000000800000000)
  region size 4096K, 1 young (4096K), 1 survivors (4096K)
 Metaspace       used 3986K, capacity 5989K, committed 6272K, reserved 1056768K
  class space    used 374K, capacity 576K, committed 640K, reserved 1048576K
}
Event: 3.008 GC heap before
{Heap before GC invocations=9 (full 0):
 garbage-first heap   total 1589248K, used 917062K [0x0000000413000000, 0x0000000800000000)
  region size 4096K, 224 young (917504K), 1 survivors (4096K)
 Metaspace       used 3986K, capacity 5989K, committed 6272K, reserved 1056768K
  class space    used 374K, capacity 576K, committed 640K, reserved 1048576K
}
Event: 3.011 GC heap after
{Heap after GC invocations=10 (full 0):
 garbage-first heap   total 1589248K, used 3700K [0x0000000413000000, 0x0000000800000000)
  region size 4096K, 1 young (4096K), 1 survivors (4096K)
 Metaspace       used 3986K, capacity 5989K, committed 6272K, reserved 1056768K
  class space    used 374K, capacity 576K, committed 640K, reserved 1048576K
}
Event: 3.373 GC heap before
{Heap before GC invocations=10 (full 0):
 garbage-first heap   total 1589248K, used 949876K [0x0000000413000000, 0x0000000800000000)
  region size 4096K, 232 young (950272K), 1 survivors (4096K)
 Metaspace       used 3986K, capacity 5989K, committed 6272K, reserved 1056768K
  class space    used 374K, capacity 576K, committed 640K, reserved 1048576K
}
Event: 3.377 GC heap after
{Heap after GC invocations=11 (full 0):
 garbage-first heap   total 1589248K, used 3676K [0x0000000413000000, 0x0000000800000000)
  region size 4096K, 1 young (4096K), 1 survivors (4096K)
 Metaspace       used 3986K, capacity 5989K, committed 6272K, reserved 1056768K
  class space    used 374K, capacity 576K, committed 640K, reserved 1048576K
}
Event: 3.809 GC heap before
{Heap before GC invocations=11 (full 0):
 garbage-first heap   total 1589248K, used 949852K [0x0000000413000000, 0x0000000800000000)
  region size 4096K, 232 young (950272K), 1 survivors (4096K)
 Metaspace       used 3986K, capacity 5989K, committed 6272K, reserved 1056768K
  class space    used 374K, capacity 576K, committed 640K, reserved 1048576K
}
Event: 3.812 GC heap after
{Heap after GC invocations=12 (full 0):
 garbage-first heap   total 1589248K, used 3645K [0x0000000413000000, 0x0000000800000000)
  region size 4096K, 1 young (4096K), 1 survivors (4096K)
 Metaspace       used 3986K, capacity 5989K, committed 6272K, reserved 1056768K
  class space    used 374K, capacity 576K, committed 640K, reserved 1048576K
}

