# JRE version: OpenJDK Runtime Environment (11.0.10+9) (build 11.0.10+9-Ubuntu-0ubuntu1.20.04)
# Java VM: OpenJDK 64-Bit Server VM (11.0.10+9-Ubuntu-0ubuntu1.20.04, mixed mode, sharing, tiered, compressed oops, g1 gc, linux-amd64)
Heap:
 garbage-first heap   total 1839104K, used 1012069K [0x0000000413000000, 0x0000000800000000)
  region size 4096K, 248 young (1015808K), 1 survivors (4096K)
 Metaspace       used 4099K, capacity 5990K, committed 6272K, reserved 1056768K
  class space    used 378K, capacity 576K, committed 640K, reserved 1048576K
GC Heap History (20 events):
Event: 84.753 GC heap before
{Heap before GC invocations=116 (full 0):
 garbage-first heap   total 1839104K, used 1102095K [0x0000000413000000, 0x0000000800000000)
  region size 4096K, 269 young (1101824K), 1 survivors (4096K)
 Metaspace       used 4098K, capacity 5990K, committed 6272K, reserved 1056768K
  class space    used 378K, capacity 576K, committed 640K, reserved 1048576K
}
Event: 84.754 GC heap after
{Heap after GC invocations=117 (full 0):
 garbage-first heap   total 1839104K, used 4375K [0x0000000413000000, 0x0000000800000000)
  region size 4096K, 1 young (4096K), 1 survivors (4096K)
 Metaspace       used 4098K, capacity 5990K, committed 6272K, reserved 1056768K
  class space    used 378K, capacity 576K, committed 640K, reserved 1048576K
}
Event: 85.248 GC heap before
{Heap before GC invocations=117 (full 0):
 garbage-first heap   total 1839104K, used 1102103K [0x0000000413000000, 0x0000000800000000)
  region size 4096K, 269 young (1101824K), 1 survivors (4096K)
 Metaspace       used 4098K, capacity 5990K, committed 6272K, reserved 1056768K
  class space    used 378K, capacity 576K, committed 640K, reserved 1048576K
}
Event: 85.250 GC heap after
{Heap after GC invocations=118 (full 0):
 garbage-first heap   total 1839104K, used 4377K [0x0000000413000000, 0x0000000800000000)
  region size 4096K, 1 young (4096K), 1 survivors (4096K)
 Metaspace       used 4098K, capacity 5990K, committed 6272K, reserved 1056768K
  class space    used 378K, capacity 576K, committed 640K, reserved 1048576K
}
Event: 85.800 GC heap before
{Heap before GC invocations=118 (full 0):
 garbage-first heap   total 1839104K, used 1102105K [0x0000000413000000, 0x0000000800000000)
  region size 4096K, 269 young (1101824K), 1 survivors (4096K)
 Metaspace       used 4098K, capacity 5990K, committed 6272K, reserved 1056768K
  class space    used 378K, capacity 576K, committed 640K, reserved 1048576K
}
Event: 85.801 GC heap after
{Heap after GC invocations=119 (full 0):
 garbage-first heap   total 1839104K, used 4393K [0x0000000413000000, 0x0000000800000000)
  region size 4096K, 1 young (4096K), 1 survivors (4096K)
 Metaspace       used 4098K, capacity 5990K, committed 6272K, reserved 1056768K
  class space    used 378K, capacity 576K, committed 640K, reserved 1048576K
}
Event: 86.290 GC heap before
{Heap before GC invocations=119 (full 0):
 garbage-first heap   total 1839104K, used 1102121K [0x0000000413000000, 0x0000000800000000)
  region size 4096K, 269 young (1101824K), 1 survivors (4096K)
 Metaspace       used 4098K, capacity 5990K, committed 6272K, reserved 1056768K
  class space    used 378K, capacity 576K, committed 640K, reserved 1048576K
}
Event: 86.291 GC heap after
{Heap after GC invocations=120 (full 0):
 garbage-first heap   total 1839104K, used 4382K [0x0000000413000000, 0x0000000800000000)
  region size 4096K, 1 young (4096K), 1 survivors (4096K)
 Metaspace       used 4098K, capacity 5990K, committed 6272K, reserved 1056768K
  class space    used 378K, capacity 576K, committed 640K, reserved 1048576K
}
Event: 86.816 GC heap before
{Heap before GC invocations=120 (full 0):
 garbage-first heap   total 1839104K, used 1102110K [0x0000000413000000, 0x0000000800000000)
  region size 4096K, 269 young (1101824K), 1 survivors (4096K)
 Metaspace       used 4098K, capacity 5990K, committed 6272K, reserved 1056768K
  class space    used 378K, capacity 576K, committed 640K, reserved 1048576K
}
Event: 86.828 GC heap after
{Heap after GC invocations=121 (full 0):
 garbage-first heap   total 1839104K, used 4374K [0x0000000413000000, 0x0000000800000000)
  region size 4096K, 1 young (4096K), 1 survivors (4096K)
 Metaspace       used 4098K, capacity 5990K, committed 6272K, reserved 1056768K
  class space    used 378K, capacity 576K, committed 640K, reserved 1048576K
}
Event: 87.315 GC heap before
{Heap before GC invocations=121 (full 0):
 garbage-first heap   total 1839104K, used 1102102K [0x0000000413000000, 0x0000000800000000)
  region size 4096K, 269 young (1101824K), 1 survivors (4096K)
 Metaspace       used 4098K, capacity 5990K, committed 6272K, reserved 1056768K
  class space    used 378K, capacity 576K, committed 640K, reserved 1048576K
}
Event: 87.322 GC heap after
{Heap after GC invocations=122 (full 0):
 garbage-first heap   total 1839104K, used 4393K [0x0000000413000000, 0x0000000800000000)
  region size 4096K, 1 young (4096K), 1 survivors (4096K)
 Metaspace       used 4098K, capacity 5990K, committed 6272K, reserved 1056768K
  class space    used 378K, capacity 576K, committed 640K, reserved 1048576K
}
Event: 87.816 GC heap before
{Heap before GC invocations=122 (full 0):
 garbage-first heap   total 1839104K, used 1102121K [0x0000000413000000, 0x0000000800000000)
  region size 4096K, 269 young (1101824K), 1 survivors (4096K)
 Metaspace       used 4098K, capacity 5990K, committed 6272K, reserved 1056768K
  class space    used 378K, capacity 576K, committed 640K, reserved 1048576K
}
Event: 87.818 GC heap after
{Heap after GC invocations=123 (full 0):
 garbage-first heap   total 1839104K, used 4394K [0x0000000413000000, 0x0000000800000000)
  region size 4096K, 1 young (4096K), 1 survivors (4096K)
 Metaspace       used 4098K, capacity 5990K, committed 6272K, reserved 1056768K
  class space    used 378K, capacity 576K, committed 640K, reserved 1048576K
}
Event: 88.365 GC heap before
{Heap before GC invocations=123 (full 0):
 garbage-first heap   total 1839104K, used 1102122K [0x0000000413000000, 0x0000000800000000)
  region size 4096K, 269 young (1101824K), 1 survivors (4096K)
 Metaspace       used 4098K, capacity 5990K, committed 6272K, reserved 1056768K
  class space    used 378K, capacity 576K, committed 640K, reserved 1048576K
}
Event: 88.373 GC heap after
{Heap after GC invocations=124 (full 0):
 garbage-first heap   total 1839104K, used 4390K [0x0000000413000000, 0x0000000800000000)
  region size 4096K, 1 young (4096K), 1 survivors (4096K)
 Metaspace       used 4098K, capacity 5990K, committed 6272K, reserved 1056768K
  class space    used 378K, capacity 576K, committed 640K, reserved 1048576K
}
Event: 92.255 GC heap before
{Heap before GC invocations=124 (full 0):
 garbage-first heap   total 1839104K, used 1102118K [0x0000000413000000, 0x0000000800000000)
  region size 4096K, 269 young (1101824K), 1 survivors (4096K)
 Metaspace       used 4099K, capacity 5990K, committed 6272K, reserved 1056768K
  class space    used 378K, capacity 576K, committed 640K, reserved 1048576K
}
Event: 92.257 GC heap after
{Heap after GC invocations=125 (full 0):
 garbage-first heap   total 1839104K, used 4447K [0x0000000413000000, 0x0000000800000000)
  region size 4096K, 1 young (4096K), 1 survivors (4096K)
 Metaspace       used 4099K, capacity 5990K, committed 6272K, reserved 1056768K
  class space    used 378K, capacity 576K, committed 640K, reserved 1048576K
}
Event: 94.496 GC heap before
{Heap before GC invocations=125 (full 0):
 garbage-first heap   total 1839104K, used 1102175K [0x0000000413000000, 0x0000000800000000)
  region size 4096K, 269 young (1101824K), 1 survivors (4096K)
 Metaspace       used 4099K, capacity 5990K, committed 6272K, reserved 1056768K
  class space    used 378K, capacity 576K, committed 640K, reserved 1048576K
}
Event: 94.498 GC heap after
{Heap after GC invocations=126 (full 0):
 garbage-first heap   total 1839104K, used 4453K [0x0000000413000000, 0x0000000800000000)
  region size 4096K, 1 young (4096K), 1 survivors (4096K)
 Metaspace       used 4099K, capacity 5990K, committed 6272K, reserved 1056768K
  class space    used 378K, capacity 576K, committed 640K, reserved 1048576K
}

