# JRE version: OpenJDK Runtime Environment (11.0.10+9) (build 11.0.10+9-Ubuntu-0ubuntu1.20.04)
# Java VM: OpenJDK 64-Bit Server VM (11.0.10+9-Ubuntu-0ubuntu1.20.04, mixed mode, sharing, tiered, compressed oops, g1 gc, linux-amd64)
Heap:
 garbage-first heap   total 1605632K, used 143006K [0x0000000413000000, 0x0000000800000000)
  region size 4096K, 36 young (147456K), 1 survivors (4096K)
 Metaspace       used 4040K, capacity 5989K, committed 6272K, reserved 1056768K
  class space    used 377K, capacity 576K, committed 640K, reserved 1048576K
GC Heap History (20 events):
Event: 11.726 GC heap before
{Heap before GC invocations=28 (full 0):
 garbage-first heap   total 1605632K, used 962186K [0x0000000413000000, 0x0000000800000000)
  region size 4096K, 235 young (962560K), 1 survivors (4096K)
 Metaspace       used 4040K, capacity 5989K, committed 6272K, reserved 1056768K
  class space    used 377K, capacity 576K, committed 640K, reserved 1048576K
}
Event: 11.728 GC heap after
{Heap after GC invocations=29 (full 0):
 garbage-first heap   total 1605632K, used 3722K [0x0000000413000000, 0x0000000800000000)
  region size 4096K, 1 young (4096K), 1 survivors (4096K)
 Metaspace       used 4040K, capacity 5989K, committed 6272K, reserved 1056768K
  class space    used 377K, capacity 576K, committed 640K, reserved 1048576K
}
Event: 12.111 GC heap before
{Heap before GC invocations=29 (full 0):
 garbage-first heap   total 1605632K, used 962186K [0x0000000413000000, 0x0000000800000000)
  region size 4096K, 235 young (962560K), 1 survivors (4096K)
 Metaspace       used 4040K, capacity 5989K, committed 6272K, reserved 1056768K
  class space    used 377K, capacity 576K, committed 640K, reserved 1048576K
}
Event: 12.115 GC heap after
{Heap after GC invocations=30 (full 0):
 garbage-first heap   total 1605632K, used 3736K [0x0000000413000000, 0x0000000800000000)
  region size 4096K, 1 young (4096K), 1 survivors (4096K)
 Metaspace       used 4040K, capacity 5989K, committed 6272K, reserved 1056768K
  class space    used 377K, capacity 576K, committed 640K, reserved 1048576K
}
Event: 12.491 GC heap before
{Heap before GC invocations=30 (full 0):
 garbage-first heap   total 1605632K, used 962200K [0x0000000413000000, 0x0000000800000000)
  region size 4096K, 235 young (962560K), 1 survivors (4096K)
 Metaspace       used 4040K, capacity 5989K, committed 6272K, reserved 1056768K
  class space    used 377K, capacity 576K, committed 640K, reserved 1048576K
}
Event: 12.492 GC heap after
{Heap after GC invocations=31 (full 0):
 garbage-first heap   total 1605632K, used 3741K [0x0000000413000000, 0x0000000800000000)
  region size 4096K, 1 young (4096K), 1 survivors (4096K)
 Metaspace       used 4040K, capacity 5989K, committed 6272K, reserved 1056768K
  class space    used 377K, capacity 576K, committed 640K, reserved 1048576K
}
Event: 12.891 GC heap before
{Heap before GC invocations=31 (full 0):
 garbage-first heap   total 1605632K, used 962205K [0x0000000413000000, 0x0000000800000000)
  region size 4096K, 235 young (962560K), 1 survivors (4096K)
 Metaspace       used 4040K, capacity 5989K, committed 6272K, reserved 1056768K
  class space    used 377K, capacity 576K, committed 640K, reserved 1048576K
}
Event: 12.900 GC heap after
{Heap after GC invocations=32 (full 0):
 garbage-first heap   total 1605632K, used 3737K [0x0000000413000000, 0x0000000800000000)
  region size 4096K, 1 young (4096K), 1 survivors (4096K)
 Metaspace       used 4040K, capacity 5989K, committed 6272K, reserved 1056768K
  class space    used 377K, capacity 576K, committed 640K, reserved 1048576K
}
Event: 13.293 GC heap before
{Heap before GC invocations=32 (full 0):
 garbage-first heap   total 1605632K, used 962201K [0x0000000413000000, 0x0000000800000000)
  region size 4096K, 235 young (962560K), 1 survivors (4096K)
 Metaspace       used 4040K, capacity 5989K, committed 6272K, reserved 1056768K
  class space    used 377K, capacity 576K, committed 640K, reserved 1048576K
}
Event: 13.296 GC heap after
{Heap after GC invocations=33 (full 0):
 garbage-first heap   total 1605632K, used 3748K [0x0000000413000000, 0x0000000800000000)
  region size 4096K, 1 young (4096K), 1 survivors (4096K)
 Metaspace       used 4040K, capacity 5989K, committed 6272K, reserved 1056768K
  class space    used 377K, capacity 576K, committed 640K, reserved 1048576K
}
Event: 13.673 GC heap before
{Heap before GC invocations=33 (full 0):
 garbage-first heap   total 1605632K, used 962212K [0x0000000413000000, 0x0000000800000000)
  region size 4096K, 235 young (962560K), 1 survivors (4096K)
 Metaspace       used 4040K, capacity 5989K, committed 6272K, reserved 1056768K
  class space    used 377K, capacity 576K, committed 640K, reserved 1048576K
}
Event: 13.678 GC heap after
{Heap after GC invocations=34 (full 0):
 garbage-first heap   total 1605632K, used 3727K [0x0000000413000000, 0x0000000800000000)
  region size 4096K, 1 young (4096K), 1 survivors (4096K)
 Metaspace       used 4040K, capacity 5989K, committed 6272K, reserved 1056768K
  class space    used 377K, capacity 576K, committed 640K, reserved 1048576K
}
Event: 14.064 GC heap before
{Heap before GC invocations=34 (full 0):
 garbage-first heap   total 1605632K, used 962191K [0x0000000413000000, 0x0000000800000000)
  region size 4096K, 235 young (962560K), 1 survivors (4096K)
 Metaspace       used 4040K, capacity 5989K, committed 6272K, reserved 1056768K
  class space    used 377K, capacity 576K, committed 640K, reserved 1048576K
}
Event: 14.065 GC heap after
{Heap after GC invocations=35 (full 0):
 garbage-first heap   total 1605632K, used 3736K [0x0000000413000000, 0x0000000800000000)
  region size 4096K, 1 young (4096K), 1 survivors (4096K)
 Metaspace       used 4040K, capacity 5989K, committed 6272K, reserved 1056768K
  class space    used 377K, capacity 576K, committed 640K, reserved 1048576K
}
Event: 14.459 GC heap before
{Heap before GC invocations=35 (full 0):
 garbage-first heap   total 1605632K, used 962200K [0x0000000413000000, 0x0000000800000000)
  region size 4096K, 235 young (962560K), 1 survivors (4096K)
 Metaspace       used 4040K, capacity 5989K, committed 6272K, reserved 1056768K
  class space    used 377K, capacity 576K, committed 640K, reserved 1048576K
}
Event: 14.461 GC heap after
{Heap after GC invocations=36 (full 0):
 garbage-first heap   total 1605632K, used 3737K [0x0000000413000000, 0x0000000800000000)
  region size 4096K, 1 young (4096K), 1 survivors (4096K)
 Metaspace       used 4040K, capacity 5989K, committed 6272K, reserved 1056768K
  class space    used 377K, capacity 576K, committed 640K, reserved 1048576K
}
Event: 14.869 GC heap before
{Heap before GC invocations=36 (full 0):
 garbage-first heap   total 1605632K, used 962201K [0x0000000413000000, 0x0000000800000000)
  region size 4096K, 235 young (962560K), 1 survivors (4096K)
 Metaspace       used 4040K, capacity 5989K, committed 6272K, reserved 1056768K
  class space    used 377K, capacity 576K, committed 640K, reserved 1048576K
}
Event: 14.871 GC heap after
{Heap after GC invocations=37 (full 0):
 garbage-first heap   total 1605632K, used 3741K [0x0000000413000000, 0x0000000800000000)
  region size 4096K, 1 young (4096K), 1 survivors (4096K)
 Metaspace       used 4040K, capacity 5989K, committed 6272K, reserved 1056768K
  class space    used 377K, capacity 576K, committed 640K, reserved 1048576K
}
Event: 15.350 GC heap before
{Heap before GC invocations=37 (full 0):
 garbage-first heap   total 1605632K, used 962205K [0x0000000413000000, 0x0000000800000000)
  region size 4096K, 235 young (962560K), 1 survivors (4096K)
 Metaspace       used 4040K, capacity 5989K, committed 6272K, reserved 1056768K
  class space    used 377K, capacity 576K, committed 640K, reserved 1048576K
}
Event: 15.351 GC heap after
{Heap after GC invocations=38 (full 0):
 garbage-first heap   total 1605632K, used 3742K [0x0000000413000000, 0x0000000800000000)
  region size 4096K, 1 young (4096K), 1 survivors (4096K)
 Metaspace       used 4040K, capacity 5989K, committed 6272K, reserved 1056768K
  class space    used 377K, capacity 576K, committed 640K, reserved 1048576K
}

